DEBUG 2020-02-07 20:09:17.937 UTC: 	 Running on: Linux lxplus793.cern.ch 3.10.0-1062.9.1.el7.x86_64 #1 SMP Fri Dec 6 15:49:49 UTC 2019 x86_64 x86_64 x86_64 GNU/Linux - CentOS Linux 7 (Core)
DEBUG 2020-02-07 20:09:17.951 UTC: 	 OpenSSl version: OpenSSL 1.0.2k-fips  26 Jan 2017 (Library: OpenSSL 1.0.2d-fips 9 Jul 2015)
DEBUG 2020-02-07 20:09:17.951 UTC: 	 Executing command: 'submit'
DEBUG 2020-02-07 20:09:17.952 UTC: 	 Found CRAB cache file /afs/cern.ch/user/c/ccosby/.crab3
DEBUG 2020-02-07 20:09:17.958 UTC: 	 Checking credentials
DEBUG 2020-02-07 20:09:17.958 UTC: 	 Found proxy file /tmp/x509up_u119364
DEBUG 2020-02-07 20:09:17.958 UTC: 	 Getting proxy life time left
DEBUG 2020-02-07 20:09:18.562 UTC: 	 Executing : 
 command : voms-proxy-info -file /tmp/x509up_u119364 -timeleft
 output : 40357

 error: 
 retcode : 0
DEBUG 2020-02-07 20:09:19.167 UTC: 	 Executing : 
 command : voms-proxy-info -file /tmp/x509up_u119364 -actimeleft
 output : 40356

 error: 
 retcode : 0
DEBUG 2020-02-07 20:09:19.167 UTC: 	 Proxy lifetime 40357 secs is different from voms extension lifetime 40356 secs for proxy: /tmp/x509up_u119364
DEBUG 2020-02-07 20:09:19.167 UTC: 	 Proxy valid for 11:12:36 hours
INFO 2020-02-07 20:09:19.167 UTC: 	 Will use CRAB configuration file crabConfig.py
DEBUG 2020-02-07 20:09:19.168 UTC: 	 Loading CRAB configuration file.
DEBUG 2020-02-07 20:09:19.173 UTC: 	 Will use CRAB Analysis plugin (i.e. will run an analysis job type).
DEBUG 2020-02-07 20:09:19.289 UTC: 	 Executing : 
 command : openssl x509 -in ~/.globus/usercert.pem -subject -noout
 output : subject= /DC=ch/DC=cern/OU=Organic Units/OU=Users/CN=ccosby/CN=834196/CN=Christopher Steven Cosby

 error: 
 retcode : 0
DEBUG 2020-02-07 20:09:19.290 UTC: 	 Checking credentials
DEBUG 2020-02-07 20:09:19.290 UTC: 	 Found proxy file /tmp/x509up_u119364
DEBUG 2020-02-07 20:09:19.290 UTC: 	 Getting proxy life time left
DEBUG 2020-02-07 20:09:19.894 UTC: 	 Executing : 
 command : voms-proxy-info -file /tmp/x509up_u119364 -timeleft
 output : 40356

 error: 
 retcode : 0
DEBUG 2020-02-07 20:09:20.499 UTC: 	 Executing : 
 command : voms-proxy-info -file /tmp/x509up_u119364 -actimeleft
 output : 40355

 error: 
 retcode : 0
DEBUG 2020-02-07 20:09:20.499 UTC: 	 Proxy lifetime 40356 secs is different from voms extension lifetime 40355 secs for proxy: /tmp/x509up_u119364
DEBUG 2020-02-07 20:09:20.499 UTC: 	 Proxy valid for 11:12:35 hours
DEBUG 2020-02-07 20:09:21.104 UTC: 	 Executing : 
 command : env X509_USER_PROXY=/tmp/x509up_u119364 voms-proxy-info -fqan
 output : /cms/Role=NULL/Capability=NULL

 error: 
 retcode : 0
DEBUG 2020-02-07 20:09:21.199 UTC: 	 Registering user credentials for server /DC=ch/DC=cern/OU=computers/CN=vocms(052|058|030|0118|0105|0109).cern.ch|/DC=ch/DC=cern/OU=computers/CN=crab-(preprod|prod)-tw(02|01).cern.ch
DEBUG 2020-02-07 20:09:21.308 UTC: 	 Executing : 
 command : openssl x509 -in ~/.globus/usercert.pem -subject -noout
 output : subject= /DC=ch/DC=cern/OU=Organic Units/OU=Users/CN=ccosby/CN=834196/CN=Christopher Steven Cosby

 error: 
 retcode : 0
DEBUG 2020-02-07 20:09:21.309 UTC: 	 Getting myproxy life time left for myproxy.cern.ch
DEBUG 2020-02-07 20:09:21.309 UTC: 	 Calculating hash of /DC=ch/DC=cern/OU=Organic Units/OU=Users/CN=ccosby/CN=834196/CN=Christopher Steven Cosby_cmsweb.cern.ch for credential name
DEBUG 2020-02-07 20:09:21.512 UTC: 	 Executing : 
 command : myproxy-info -l 26967ec133c94bf7c0631336874999a7497a622e -s myproxy.cern.ch
 output : username: 26967ec133c94bf7c0631336874999a7497a622e
owner: /DC=ch/DC=cern/OU=Organic Units/OU=Users/CN=ccosby/CN=834196/CN=Christopher Steven Cosby
  renewal policy: /DC=ch/DC=cern/OU=computers/CN=vocms(052|058|030|0118|0105|0109).cern.ch|/DC=ch/DC=cern/OU=computers/CN=crab-(preprod|prod)-tw(02|01).cern.ch
  trusted retrieval policy: /DC=ch/DC=cern/OU=computers/CN=vocms(052|058|030|0118|0105|0109).cern.ch|/DC=ch/DC=cern/OU=computers/CN=crab-(preprod|prod)-tw(02|01).cern.ch
  timeleft: 552:19:10  (23.0 days)

 error: 
 retcode : 0
DEBUG 2020-02-07 20:09:21.513 UTC: 	 Myproxy is valid: 1988350
DEBUG 2020-02-07 20:09:21.513 UTC: 	 Command use: submit
DEBUG 2020-02-07 20:09:21.513 UTC: 	 Options use: ['crabConfig.py']
DEBUG 2020-02-07 20:09:21.660 UTC: 	 CRABClient version: 3.3.2001
DEBUG 2020-02-07 20:09:21.660 UTC: 	 Instance is prod
DEBUG 2020-02-07 20:09:21.660 UTC: 	 Server base url is cmsweb.cern.ch
DEBUG 2020-02-07 20:09:21.660 UTC: 	 Command url /crabserver/prod/workflow
DEBUG 2020-02-07 20:09:21.660 UTC: 	 Started submission
DEBUG 2020-02-07 20:09:21.660 UTC: 	 Working on /afs/cern.ch/user/c/ccosby/lowMassZPrime/triggerStudy/CMSSW_10_2_3/src/DileptonAnalysis/AnalysisStep/crab/CTau1/crab_20200207_210919
DEBUG 2020-02-07 20:09:21.763 UTC: 	 Loading required information from the environment
DEBUG 2020-02-07 20:09:21.763 UTC: 	 Found CMSSW_10_2_3 for slc7_amd64_gcc700 with base /afs/cern.ch/user/c/ccosby/lowMassZPrime/triggerStudy/CMSSW_10_2_3
DEBUG 2020-02-07 20:09:21.763 UTC: 	 Loading required information from the environment
DEBUG 2020-02-07 20:09:21.763 UTC: 	 Found CMSSW_10_2_3 for slc7_amd64_gcc700 with base /afs/cern.ch/user/c/ccosby/lowMassZPrime/triggerStudy/CMSSW_10_2_3
DEBUG 2020-02-07 20:09:21.776 UTC: 	 UNIQUE NAME: tarUUID f2826a40-e21a-4082-a4b2-d6bdf8faf868 
DEBUG 2020-02-07 20:09:21.777 UTC: 	 self.config: from WMCore.Configuration import Configuration
config = Configuration()
config.section_('General')
config.section_('JobType')
config.JobType.psetName = '../../test/tree_cfg.py'
config.JobType.pluginName = 'Analysis'
config.JobType.pyCfgParams = ['isMC=True', 'useWeights=True', 'xsec=1.00', 'addEventInfo=True']
config.JobType.allowUndistributedCMSSW = True
config.section_('Data')
config.Data.inputDataset = '/SIDM_XXTo2ATo4Mu_mXX-200_mA-0p25_ctau-1_TuneCP5_13TeV-madgraph-pythia8/RunIIAutumn18MiniAOD-102X_upgrade2018_realistic_v15-v1/MINIAODSIM'
config.Data.unitsPerJob = 10000
config.Data.splitting = 'EventAwareLumiBased'
config.Data.outLFNDirBase = '/store/user/ccosby/CTau1_Zdark_02072020/'
config.section_('Site')
config.Site.storageSite = 'T2_CH_CERNBOX'
config.section_('User')
config.section_('Debug')

DEBUG 2020-02-07 20:09:21.777 UTC: 	 self.config.JobType.psetName: ../../test/tree_cfg.py
INFO 2020-02-07 20:09:21.777 UTC: 	 Importing CMSSW configuration ../../test/tree_cfg.py
DEBUG 2020-02-07 20:09:21.777 UTC: 	 Additional parameters for the CMSSW configuration are: ['isMC=True', 'useWeights=True', 'xsec=1.00', 'addEventInfo=True']
INFO 2020-02-07 20:09:23.382 UTC: 	 Finished importing CMSSW configuration ../../test/tree_cfg.py
DEBUG 2020-02-07 20:09:23.382 UTC: 	 Writing CMSSW configuration to /afs/cern.ch/user/c/ccosby/lowMassZPrime/triggerStudy/CMSSW_10_2_3/src/DileptonAnalysis/AnalysisStep/crab/CTau1/crab_20200207_210919/inputs/PSet.py
DEBUG 2020-02-07 20:09:23.432 UTC: 	 The following EDM output files will be collected: []
DEBUG 2020-02-07 20:09:23.432 UTC: 	 The following TFile output files will be collected: ['tree.root']
DEBUG 2020-02-07 20:09:23.432 UTC: 	 The following user output files (not listed as PoolOuputModule or TFileService in the CMSSW PSet) will be collected: 
DEBUG 2020-02-07 20:09:23.432 UTC: 	 Loading required information from the environment
DEBUG 2020-02-07 20:09:23.432 UTC: 	 Found CMSSW_10_2_3 for slc7_amd64_gcc700 with base /afs/cern.ch/user/c/ccosby/lowMassZPrime/triggerStudy/CMSSW_10_2_3
DEBUG 2020-02-07 20:09:23.432 UTC: 	 Making tarball in /afs/cern.ch/user/c/ccosby/lowMassZPrime/triggerStudy/CMSSW_10_2_3/src/DileptonAnalysis/AnalysisStep/crab/CTau1/crab_20200207_210919/inputs/f2826a40-e21a-4082-a4b2-d6bdf8faf868default.tgz
DEBUG 2020-02-07 20:09:23.433 UTC: 	 Checking directory /afs/cern.ch/user/c/ccosby/lowMassZPrime/triggerStudy/CMSSW_10_2_3/lib
DEBUG 2020-02-07 20:09:23.433 UTC: 	 Adding directory /afs/cern.ch/user/c/ccosby/lowMassZPrime/triggerStudy/CMSSW_10_2_3/lib to tarball
DEBUG 2020-02-07 20:09:23.516 UTC: 	 Checking directory /afs/cern.ch/user/c/ccosby/lowMassZPrime/triggerStudy/CMSSW_10_2_3/biglib
DEBUG 2020-02-07 20:09:23.516 UTC: 	 Adding directory /afs/cern.ch/user/c/ccosby/lowMassZPrime/triggerStudy/CMSSW_10_2_3/biglib to tarball
DEBUG 2020-02-07 20:09:23.518 UTC: 	 Checking directory /afs/cern.ch/user/c/ccosby/lowMassZPrime/triggerStudy/CMSSW_10_2_3/module
DEBUG 2020-02-07 20:09:23.783 UTC: 	 Adding data directory /afs/cern.ch/user/c/ccosby/lowMassZPrime/triggerStudy/CMSSW_10_2_3/src/DileptonAnalysis/AnalysisStep/data to tarball
DEBUG 2020-02-07 20:09:24.799 UTC: 	 Adding data directory /afs/cern.ch/user/c/ccosby/lowMassZPrime/triggerStudy/CMSSW_10_2_3/src/DileptonAnalysis/AnalysisStep/interface to tarball
DEBUG 2020-02-07 20:09:25.609 UTC: 	 Uploading archive /afs/cern.ch/user/c/ccosby/lowMassZPrime/triggerStudy/CMSSW_10_2_3/src/DileptonAnalysis/AnalysisStep/crab/CTau1/crab_20200207_210919/inputs/f2826a40-e21a-4082-a4b2-d6bdf8faf868default.tgz (1.092773.1 MB) to the CRAB cache. Using URI https://cmsweb.cern.ch/crabcache
DEBUG 2020-02-07 20:09:27.010 UTC: 	 Loading required information from the environment
DEBUG 2020-02-07 20:09:27.010 UTC: 	 Found CMSSW_10_2_3 for slc7_amd64_gcc700 with base /afs/cern.ch/user/c/ccosby/lowMassZPrime/triggerStudy/CMSSW_10_2_3
DEBUG 2020-02-07 20:09:27.010 UTC: 	 Making tarball in /afs/cern.ch/user/c/ccosby/lowMassZPrime/triggerStudy/CMSSW_10_2_3/src/DileptonAnalysis/AnalysisStep/crab/CTau1/crab_20200207_210919/inputs/debugFiles.tgz
DEBUG 2020-02-07 20:09:27.017 UTC: 	 Uploading archive /afs/cern.ch/user/c/ccosby/lowMassZPrime/triggerStudy/CMSSW_10_2_3/src/DileptonAnalysis/AnalysisStep/crab/CTau1/crab_20200207_210919/inputs/debugFiles.tgz (4 KB) to the CRAB cache. Using URI https://cmsweb.cern.ch/crabcache
DEBUG 2020-02-07 20:09:27.112 UTC: 	 Result uploading input files: bc3da6499c5ba9da24b5233aec4ca185eaaa22a4d20f57b14df7c70ee1c3e6be.tar.gz 
WARNING 2020-02-07 20:09:27.112 UTC: 	 Warning: The following output files will not be published, as they are not EDM files: ['tree.root']
INFO 2020-02-07 20:09:27.112 UTC: 	 Sending the request to the server at cmsweb.cern.ch
DEBUG 2020-02-07 20:09:27.112 UTC: 	 Submitting {'maxjobruntime': 1250, 'extrajdl': [], 'ignorelocality': 0, 'savelogsflag': 0, 'useparent': 0, 'asyncdest': 'T2_CH_CERNBOX', 'algoargs': 10000, 'cachefilename': 'bc3da6499c5ba9da24b5233aec4ca185eaaa22a4d20f57b14df7c70ee1c3e6be.tar.gz', 'numcores': 1, 'addoutputfiles': [], 'generator': 'pythia', 'maxmemory': 2000, 'publishdbsurl': 'https://cmsweb.cern.ch/dbs/prod/phys03/DBSWriter', 'priority': 10, 'jobsw': 'CMSSW_10_2_3', 'edmoutfiles': [], 'userfiles': [], 'primarydataset': '', 'inputdata': '/SIDM_XXTo2ATo4Mu_mXX-200_mA-0p25_ctau-1_TuneCP5_13TeV-madgraph-pythia8/RunIIAutumn18MiniAOD-102X_upgrade2018_realistic_v15-v1/MINIAODSIM', 'lfn': '/store/user/ccosby/CTau1_Zdark_02072020/', 'dryrun': 0, 'workflow': 'crab_20200207_210919', 'cacheurl': u'https://cmsweb.cern.ch/crabcache', 'nonprodsw': 1, 'tfileoutfiles': ['tree.root'], 'oneEventMode': 0, 'debugfilename': '977909d667f5809ce261de26d3b6f14a47a4dc26e7aaf7006171f6e3597aa2de.tar.gz', 'saveoutput': 1, 'publication': 1, 'jobarch': 'slc7_amd64_gcc700', 'totalunits': 0, 'splitalgo': 'EventAwareLumiBased', 'ignoreglobalblacklist': 0, 'nonvaliddata': 0, 'dbsurl': 'https://cmsweb.cern.ch/dbs/prod/global/DBSReader', 'publishgroupname': 0, 'jobtype': 'Analysis', 'publishname2': ''} 
DEBUG 2020-02-07 20:09:27.112 UTC: 	 Encoded submit request: maxjobruntime=1250&ignorelocality=0&savelogsflag=0&useparent=0&asyncdest=T2_CH_CERNBOX&algoargs=10000&cachefilename=bc3da6499c5ba9da24b5233aec4ca185eaaa22a4d20f57b14df7c70ee1c3e6be.tar.gz&numcores=1&generator=pythia&maxmemory=2000&publishdbsurl=https%3A%2F%2Fcmsweb.cern.ch%2Fdbs%2Fprod%2Fphys03%2FDBSWriter&priority=10&jobsw=CMSSW_10_2_3&primarydataset=&inputdata=%2FSIDM_XXTo2ATo4Mu_mXX-200_mA-0p25_ctau-1_TuneCP5_13TeV-madgraph-pythia8%2FRunIIAutumn18MiniAOD-102X_upgrade2018_realistic_v15-v1%2FMINIAODSIM&lfn=%2Fstore%2Fuser%2Fccosby%2FCTau1_Zdark_02072020%2F&dryrun=0&workflow=crab_20200207_210919&cacheurl=https%3A%2F%2Fcmsweb.cern.ch%2Fcrabcache&nonprodsw=1&oneEventMode=0&debugfilename=977909d667f5809ce261de26d3b6f14a47a4dc26e7aaf7006171f6e3597aa2de.tar.gz&saveoutput=1&publication=1&jobarch=slc7_amd64_gcc700&totalunits=0&splitalgo=EventAwareLumiBased&ignoreglobalblacklist=0&nonvaliddata=0&dbsurl=https%3A%2F%2Fcmsweb.cern.ch%2Fdbs%2Fprod%2Fglobal%2FDBSReader&publishgroupname=0&jobtype=Analysis&publishname2=&tfileoutfiles=tree.root
DEBUG 2020-02-07 20:09:27.228 UTC: 	 Result: {u'result': [{u'RequestName': u'200207_200927:ccosby_crab_20200207_210919'}]}
INFO 2020-02-07 20:09:27.231 UTC: 	 Success: Your task has been delivered to the prod CRAB3 server.
INFO 2020-02-07 20:09:27.231 UTC: 	 Task name: 200207_200927:ccosby_crab_20200207_210919
INFO 2020-02-07 20:09:27.231 UTC: 	 Project dir: ./crab_20200207_210919
INFO 2020-02-07 20:09:27.231 UTC: 	 Please use 'crab status -d ./crab_20200207_210919' to check how the submission process proceeds.
DEBUG 2020-02-07 20:09:27.231 UTC: 	 About to return
INFO 2020-02-07 20:09:27.234 UTC: 	 Log file is /afs/cern.ch/user/c/ccosby/lowMassZPrime/triggerStudy/CMSSW_10_2_3/src/DileptonAnalysis/AnalysisStep/crab/CTau1/crab_20200207_210919/crab.log
DEBUG 2020-02-07 20:14:06.617 UTC: 	 Running on: Linux lxplus793.cern.ch 3.10.0-1062.9.1.el7.x86_64 #1 SMP Fri Dec 6 15:49:49 UTC 2019 x86_64 x86_64 x86_64 GNU/Linux - CentOS Linux 7 (Core)
DEBUG 2020-02-07 20:14:06.630 UTC: 	 OpenSSl version: OpenSSL 1.0.2k-fips  26 Jan 2017 (Library: OpenSSL 1.0.2d-fips 9 Jul 2015)
DEBUG 2020-02-07 20:14:06.630 UTC: 	 Executing command: 'status'
DEBUG 2020-02-07 20:14:06.630 UTC: 	 Found CRAB cache file /afs/cern.ch/user/c/ccosby/.crab3
DEBUG 2020-02-07 20:14:06.637 UTC: 	 Checking credentials
DEBUG 2020-02-07 20:14:06.637 UTC: 	 Found proxy file /tmp/x509up_u119364
DEBUG 2020-02-07 20:14:06.637 UTC: 	 Getting proxy life time left
DEBUG 2020-02-07 20:14:07.242 UTC: 	 Executing : 
 command : voms-proxy-info -file /tmp/x509up_u119364 -timeleft
 output : 40068

 error: 
 retcode : 0
DEBUG 2020-02-07 20:14:07.847 UTC: 	 Executing : 
 command : voms-proxy-info -file /tmp/x509up_u119364 -actimeleft
 output : 40068

 error: 
 retcode : 0
DEBUG 2020-02-07 20:14:07.848 UTC: 	 Proxy valid for 11:07:48 hours
DEBUG 2020-02-07 20:14:07.961 UTC: 	 Executing : 
 command : openssl x509 -in ~/.globus/usercert.pem -subject -noout
 output : subject= /DC=ch/DC=cern/OU=Organic Units/OU=Users/CN=ccosby/CN=834196/CN=Christopher Steven Cosby

 error: 
 retcode : 0
DEBUG 2020-02-07 20:14:07.962 UTC: 	 Checking credentials
DEBUG 2020-02-07 20:14:07.962 UTC: 	 Found proxy file /tmp/x509up_u119364
DEBUG 2020-02-07 20:14:07.962 UTC: 	 Getting proxy life time left
DEBUG 2020-02-07 20:14:08.567 UTC: 	 Executing : 
 command : voms-proxy-info -file /tmp/x509up_u119364 -timeleft
 output : 40067

 error: 
 retcode : 0
DEBUG 2020-02-07 20:14:09.173 UTC: 	 Executing : 
 command : voms-proxy-info -file /tmp/x509up_u119364 -actimeleft
 output : 40066

 error: 
 retcode : 0
DEBUG 2020-02-07 20:14:09.174 UTC: 	 Proxy lifetime 40067 secs is different from voms extension lifetime 40066 secs for proxy: /tmp/x509up_u119364
DEBUG 2020-02-07 20:14:09.174 UTC: 	 Proxy valid for 11:07:46 hours
DEBUG 2020-02-07 20:14:09.274 UTC: 	 Registering user credentials for server /DC=ch/DC=cern/OU=computers/CN=vocms(052|058|030|0118|0105|0109).cern.ch|/DC=ch/DC=cern/OU=computers/CN=crab-(preprod|prod)-tw(02|01).cern.ch
DEBUG 2020-02-07 20:14:09.384 UTC: 	 Executing : 
 command : openssl x509 -in ~/.globus/usercert.pem -subject -noout
 output : subject= /DC=ch/DC=cern/OU=Organic Units/OU=Users/CN=ccosby/CN=834196/CN=Christopher Steven Cosby

 error: 
 retcode : 0
DEBUG 2020-02-07 20:14:09.384 UTC: 	 Getting myproxy life time left for myproxy.cern.ch
DEBUG 2020-02-07 20:14:09.384 UTC: 	 Calculating hash of /DC=ch/DC=cern/OU=Organic Units/OU=Users/CN=ccosby/CN=834196/CN=Christopher Steven Cosby_cmsweb.cern.ch for credential name
DEBUG 2020-02-07 20:14:09.588 UTC: 	 Executing : 
 command : myproxy-info -l 26967ec133c94bf7c0631336874999a7497a622e -s myproxy.cern.ch
 output : username: 26967ec133c94bf7c0631336874999a7497a622e
owner: /DC=ch/DC=cern/OU=Organic Units/OU=Users/CN=ccosby/CN=834196/CN=Christopher Steven Cosby
  renewal policy: /DC=ch/DC=cern/OU=computers/CN=vocms(052|058|030|0118|0105|0109).cern.ch|/DC=ch/DC=cern/OU=computers/CN=crab-(preprod|prod)-tw(02|01).cern.ch
  trusted retrieval policy: /DC=ch/DC=cern/OU=computers/CN=vocms(052|058|030|0118|0105|0109).cern.ch|/DC=ch/DC=cern/OU=computers/CN=crab-(preprod|prod)-tw(02|01).cern.ch
  timeleft: 552:14:22  (23.0 days)

 error: 
 retcode : 0
DEBUG 2020-02-07 20:14:09.589 UTC: 	 Myproxy is valid: 1988062
DEBUG 2020-02-07 20:14:09.590 UTC: 	 Command use: status
DEBUG 2020-02-07 20:14:09.590 UTC: 	 Options use: ['crab_20200207_210919/']
DEBUG 2020-02-07 20:14:09.658 UTC: 	 CRABClient version: 3.3.2001
DEBUG 2020-02-07 20:14:09.658 UTC: 	 Instance is prod
DEBUG 2020-02-07 20:14:09.658 UTC: 	 Server base url is cmsweb.cern.ch
DEBUG 2020-02-07 20:14:09.658 UTC: 	 Command url /crabserver/prod/workflow
DEBUG 2020-02-07 20:14:09.734 UTC: 	 Got information from server oracle database: {u'result': [u'200207_200927:ccosby_crab_20200207_210919', u'None', u'None', u'SUBMITTED', u'SUBMIT', u'2020-02-07 20:09:27.201820', u'None', u'2020-02-07 20:10:13.795382', u'None', u'CMSSW_10_2_3', u'slc7_amd64_gcc700', u'/SIDM_XXTo2ATo4Mu_mXX-200_mA-0p25_ctau-1_TuneCP5_13TeV-madgraph-pythia8/RunIIAutumn18MiniAOD-102X_upgrade2018_realistic_v15-v1/MINIAODSIM', u'F', u'0', u'[]', u'[]', u'EventAwareLumiBased', u"{'splitOnRun': False, 'events_per_job': 10000, 'halt_job_on_file_boundaries': False, 'runs': [], 'lumis': []}", u'bc3da6499c5ba9da24b5233aec4ca185eaaa22a4d20f57b14df7c70ee1c3e6be.tar.gz', u'https://cmsweb.cern.ch/crabcache', u'ccosby', u'/DC=ch/DC=cern/OU=Organic Units/OU=Users/CN=ccosby/CN=834196/CN=Christopher Steven Cosby', u'cms', u'None', u'None', u'crab_20200207_210919-00000000000000000000000000000000', u'F', u'T2_CH_CERNBOX', u'https://cmsweb.cern.ch/dbs/prod/global/DBSReader', u'https://cmsweb.cern.ch/dbs/prod/phys03/DBSWriter', u'T', u'[]', u"['tree.root']", u'[]', u'Analysis', u'pythia', u'None', u'{}', u'[]', u'F', u'crab-prod-tw01', u'[]', u'1250', u'1', u'2000', u'10', u'None', u'[]', u'http://vocms0196.cern.ch/mon/cms1132/200207_200927:ccosby_crab_20200207_210919', u'None', u'[]', u'[]', u'https://cmsweb.cern.ch/crabserver/prod', u'cmsgwms-collector-global.cern.ch:9620,cmssrv623.fnal.gov:9620', u'crab3@vocms0196.cern.ch', u'F', u'[]', u'T', u'/store/user/ccosby/CTau1_Zdark_02072020/', u'F', u'None', u'F', u'None', u'SIDM_XXTo2ATo4Mu_mXX-200_mA-0p25_ctau-1_TuneCP5_13TeV-madgraph-pythia8', u'None', u'977909d667f5809ce261de26d3b6f14a47a4dc26e7aaf7006171f6e3597aa2de.tar.gz', u'48015191', u'filetransfers', u'F', u'2001:1458:d00:1c::404', u'0.0', u'None'], u'desc': {u'columns': [u'tm_taskname', u'tm_activity', u'panda_jobset_id', u'tm_task_status', u'tm_task_command', u'tm_start_time', u'tm_start_injection', u'tm_end_injection', u'tm_task_failure', u'tm_job_sw', u'tm_job_arch', u'tm_input_dataset', u'tm_nonvalid_input_dataset', u'tm_use_parent', u'tm_site_whitelist', u'tm_site_blacklist', u'tm_split_algo', u'tm_split_args', u'tm_user_sandbox', u'tm_cache_url', u'tm_username', u'tm_user_dn', u'tm_user_vo', u'tm_user_role', u'tm_user_group', u'tm_publish_name', u'tm_publish_groupname', u'tm_asyncdest', u'tm_dbs_url', u'tm_publish_dbs_url', u'tm_publication', u'tm_outfiles', u'tm_tfile_outfiles', u'tm_edm_outfiles', u'tm_job_type', u'tm_generator', u'tm_events_per_lumi', u'tm_arguments', u'panda_resubmitted_jobs', u'tm_save_logs', u'tw_name', u'tm_user_infiles', u'tm_maxjobruntime', u'tm_numcores', u'tm_maxmemory', u'tm_priority', u'tm_output_dataset', u'tm_task_warnings', u'tm_user_webdir', u'tm_scriptexe', u'tm_scriptargs', u'tm_extrajdl', u'tm_asourl', u'tm_collector', u'tm_schedd', u'tm_dry_run', u'tm_user_files', u'tm_transfer_outputs', u'tm_output_lfn', u'tm_ignore_locality', u'tm_fail_limit', u'tm_one_event_mode', u'tm_secondary_input_dataset', u'tm_primary_dataset', u'tm_last_publication', u'tm_debug_files', u'clusterid', u'tm_asodb', u'tm_ignore_global_blacklist', u'tm_submitter_ip_addr', u'tm_totalunits', u'tm_ddm_reqid']}}
INFO 2020-02-07 20:14:09.735 UTC: 	 CRAB project directory:		/afs/cern.ch/user/c/ccosby/lowMassZPrime/triggerStudy/CMSSW_10_2_3/src/DileptonAnalysis/AnalysisStep/crab/CTau1/crab_20200207_210919
INFO 2020-02-07 20:14:09.735 UTC: 	 Task name:			200207_200927:ccosby_crab_20200207_210919
INFO 2020-02-07 20:14:09.735 UTC: 	 Grid scheduler - Task Worker:	crab3@vocms0196.cern.ch - crab-prod-tw01
INFO 2020-02-07 20:14:09.735 UTC: 	 Status on the CRAB server:	SUBMITTED
INFO 2020-02-07 20:14:09.735 UTC: 	 Task URL to use for HELP:	https://cmsweb.cern.ch/crabserver/ui/task/200207_200927%3Accosby_crab_20200207_210919
INFO 2020-02-07 20:14:09.735 UTC: 	 Dashboard monitoring URL:	https://monit-grafana.cern.ch/d/cmsTMDetail/cms-task-monitoring-task-view?orgId=11&var-user=ccosby&var-task=200207_200927%3Accosby_crab_20200207_210919
INFO 2020-02-07 20:14:09.735 UTC: 	 In case of issues with the dashboard, please provide feedback to hn-cms-computing-tools@cern.ch
DEBUG 2020-02-07 20:14:09.735 UTC: 	 The CRAB server submitted your task to the Grid scheduler (cluster ID: 48015191)
DEBUG 2020-02-07 20:14:09.735 UTC: 	 Webdir is located at http://vocms0196.cern.ch/mon/cms1132/200207_200927:ccosby_crab_20200207_210919
DEBUG 2020-02-07 20:14:09.816 UTC: 	 Proxied webdir is located at https://cmsweb.cern.ch/scheddmon/0196/cms1132/200207_200927:ccosby_crab_20200207_210919
DEBUG 2020-02-07 20:14:09.816 UTC: 	 Retrieving 'status_cache' file from https://cmsweb.cern.ch/scheddmon/0196/cms1132/200207_200927:ccosby_crab_20200207_210919/status_cache
DEBUG 2020-02-07 20:14:09.865 UTC: 	 Got information from status cache file: {'10': {'Retries': 0, 'WallDurations': [0], 'StartTimes': [], 'SubmitTimes': [1581106232.0], 'JobIds': ['48015203.0'], 'EndTimes': [], 'Restarts': 0, 'RecordedSite': False, 'State': 'idle', 'ResidentSetSize': [0], 'TotalUserCpuTimeHistory': [0.0], 'SiteHistory': ['Unknown'], 'TotalSysCpuTimeHistory': [0.0]}, '1': {'Retries': 0, 'WallDurations': [0], 'StartTimes': [], 'SubmitTimes': [1581106231.0], 'JobIds': ['48015194.0'], 'EndTimes': [], 'Restarts': 0, 'RecordedSite': False, 'State': 'idle', 'ResidentSetSize': [0], 'TotalUserCpuTimeHistory': [0.0], 'SiteHistory': ['Unknown'], 'TotalSysCpuTimeHistory': [0.0]}, '3': {'Retries': 0, 'WallDurations': [0], 'StartTimes': [], 'SubmitTimes': [1581106231.0], 'JobIds': ['48015196.0'], 'EndTimes': [], 'Restarts': 0, 'RecordedSite': False, 'State': 'idle', 'ResidentSetSize': [0], 'TotalUserCpuTimeHistory': [0.0], 'SiteHistory': ['Unknown'], 'TotalSysCpuTimeHistory': [0.0]}, '2': {'Retries': 0, 'WallDurations': [0], 'StartTimes': [], 'SubmitTimes': [1581106232.0], 'JobIds': ['48015198.0'], 'EndTimes': [], 'Restarts': 0, 'RecordedSite': False, 'State': 'idle', 'ResidentSetSize': [0], 'TotalUserCpuTimeHistory': [0.0], 'SiteHistory': ['Unknown'], 'TotalSysCpuTimeHistory': [0.0]}, '5': {'Retries': 0, 'WallDurations': [0], 'StartTimes': [], 'SubmitTimes': [1581106232.0], 'JobIds': ['48015197.0'], 'EndTimes': [], 'Restarts': 0, 'RecordedSite': False, 'State': 'idle', 'ResidentSetSize': [0], 'TotalUserCpuTimeHistory': [0.0], 'SiteHistory': ['Unknown'], 'TotalSysCpuTimeHistory': [0.0]}, '4': {'Retries': 0, 'WallDurations': [0], 'StartTimes': [], 'SubmitTimes': [1581106231.0], 'JobIds': ['48015195.0'], 'EndTimes': [], 'Restarts': 0, 'RecordedSite': False, 'State': 'idle', 'ResidentSetSize': [0], 'TotalUserCpuTimeHistory': [0.0], 'SiteHistory': ['Unknown'], 'TotalSysCpuTimeHistory': [0.0]}, '7': {'Retries': 0, 'WallDurations': [0], 'StartTimes': [], 'SubmitTimes': [1581106232.0], 'JobIds': ['48015200.0'], 'EndTimes': [], 'Restarts': 0, 'RecordedSite': False, 'State': 'idle', 'ResidentSetSize': [0], 'TotalUserCpuTimeHistory': [0.0], 'SiteHistory': ['Unknown'], 'TotalSysCpuTimeHistory': [0.0]}, '6': {'Retries': 0, 'WallDurations': [0], 'StartTimes': [], 'SubmitTimes': [1581106232.0], 'JobIds': ['48015199.0'], 'EndTimes': [], 'Restarts': 0, 'RecordedSite': False, 'State': 'idle', 'ResidentSetSize': [0], 'TotalUserCpuTimeHistory': [0.0], 'SiteHistory': ['Unknown'], 'TotalSysCpuTimeHistory': [0.0]}, '9': {'Retries': 0, 'WallDurations': [0], 'StartTimes': [], 'SubmitTimes': [1581106232.0], 'JobIds': ['48015202.0'], 'EndTimes': [], 'Restarts': 0, 'RecordedSite': False, 'State': 'idle', 'ResidentSetSize': [0], 'TotalUserCpuTimeHistory': [0.0], 'SiteHistory': ['Unknown'], 'TotalSysCpuTimeHistory': [0.0]}, '8': {'Retries': 0, 'WallDurations': [0], 'StartTimes': [], 'SubmitTimes': [1581106232.0], 'JobIds': ['48015201.0'], 'EndTimes': [], 'Restarts': 0, 'RecordedSite': False, 'State': 'idle', 'ResidentSetSize': [0], 'TotalUserCpuTimeHistory': [0.0], 'SiteHistory': ['Unknown'], 'TotalSysCpuTimeHistory': [0.0]}}
INFO 2020-02-07 20:14:09.865 UTC: 	 Status on the scheduler:	SUBMITTED
INFO 2020-02-07 20:14:09.865 UTC: 	 
Jobs status:                    idle         		100.0% (10/10)
INFO 2020-02-07 20:14:09.865 UTC: 	 
No publication information available yet
INFO 2020-02-07 20:14:09.880 UTC: 	 Log file is /afs/cern.ch/user/c/ccosby/lowMassZPrime/triggerStudy/CMSSW_10_2_3/src/DileptonAnalysis/AnalysisStep/crab/CTau1/crab_20200207_210919/crab.log
